Traceback (most recent call last):
  File "<string>", line 17, in <module>
  File "C:\Users\itaym\Documents\hw3-autonomous-academic-paper-generation-ai\-Autonomous-Academic-Paper-Generation-Pipeline\src\sdk\latex_compiler.py", line 101, in verify
    result = self.compile(tex_path, out_dir)
             ^^^^^^^^^^^^^^^^^^^^^^^^^^^^^^^
  File "C:\Users\itaym\Documents\hw3-autonomous-academic-paper-generation-ai\-Autonomous-Academic-Paper-Generation-Pipeline\src\sdk\latex_compiler.py", line 71, in compile
    proc = self._runner(
           ^^^^^^^^^^^^^
  File "C:\Users\itaym\AppData\Roaming\uv\python\cpython-3.12-windows-x86_64-none\Lib\subprocess.py", line 550, in run
    stdout, stderr = process.communicate(input, timeout=timeout)
                     ^^^^^^^^^^^^^^^^^^^^^^^^^^^^^^^^^^^^^^^^^^^
  File "C:\Users\itaym\AppData\Roaming\uv\python\cpython-3.12-windows-x86_64-none\Lib\subprocess.py", line 1209, in communicate
    stdout, stderr = self._communicate(input, endtime, timeout)
                     ^^^^^^^^^^^^^^^^^^^^^^^^^^^^^^^^^^^^^^^^^^
  File "C:\Users\itaym\AppData\Roaming\uv\python\cpython-3.12-windows-x86_64-none\Lib\subprocess.py", line 1630, in _communicate
    raise TimeoutExpired(self.args, orig_timeout)
subprocess.TimeoutExpired: Command '['latexmk', '-lualatex', '-interaction=nonstopmode', '-halt-on-error', '-file-line-error', '-outdir=data\\processed\\build', 'data\\processed\\output.tex']' timed out after 600 seconds
REFS 7
SYNC ok=True broken=[] missing_meta=[] cited=[1, 2, 3, 4, 5, 6, 7]
SANITY {'ok': True, 'issues': []}
