This is LuaHBTeX, Version 1.24.0 (MiKTeX 25.12) (format=lualatex 2026.6.11)  12 JUN 2026 15:34
 restricted system commands enabled.
 file:line:error style messages enabled.
**output.tex
(./output.tex
LaTeX2e <2025-11-01>
L3 programming layer <2025-12-24>
Lua module: luaotfload 2024-12-03 v3.29 Lua based OpenType font support
Lua module: lualibs 2023-07-13 v2.76 ConTeXt Lua standard libraries.
Lua module: lualibs-extended 2023-07-13 v2.76 ConTeXt Lua libraries -- extended 
collection.
luaotfload | conf : Root cache directory is "C:/Users/itaym/AppData/Local/MiKTeX
/luatex-cache/generic/names".
luaotfload | init : Loading fontloader "fontloader-2023-12-28.lua" from kpse-res
olved path "C:/Users/itaym/AppData/Local/Programs/MiKTeX/tex/luatex/luaotfload/f
ontloader-2023-12-28.lua".
Lua-only attribute luaotfload@noligature = 1
luaotfload | init : Context OpenType loader version 3.134
Inserting `luaotfload.node_processor' in `pre_linebreak_filter'.
Inserting `luaotfload.node_processor' in `hpack_filter'.
Inserting `luaotfload.glyph_stream' in `glyph_stream_provider'.
Inserting `luaotfload.define_font' in `define_font'.
Lua-only attribute luaotfload_color_attribute = 2
luaotfload | conf : Root cache directory is "C:/Users/itaym/AppData/Local/MiKTeX
/luatex-cache/generic/names".
Inserting `luaotfload.harf.strip_prefix' in `find_opentype_file'.
Inserting `luaotfload.harf.strip_prefix' in `find_truetype_file'.
Removing  `luaotfload.glyph_stream' from `glyph_stream_provider'.
Inserting `luaotfload.harf.glyphstream' in `glyph_stream_provider'.
Inserting `luaotfload.harf.finalize_vlist' in `post_linebreak_filter'.
Inserting `luaotfload.harf.finalize_hlist' in `hpack_filter'.
Inserting `luaotfload.cleanup_files' in `wrapup_run'.
Inserting `luaotfload.harf.finalize_unicode' in `finish_pdffile'.
Inserting `luaotfload.glyphinfo' in `glyph_info'.
Lua-only attribute luaotfload.letterspace_done = 3
Inserting `luaotfload.aux.set_sscale_dimens' in `luaotfload.patch_font'.
Inserting `luaotfload.aux.set_font_index' in `luaotfload.patch_font'.
Inserting `luaotfload.aux.patch_cambria_domh' in `luaotfload.patch_font'.
Inserting `luaotfload.aux.fixup_fontdata' in `luaotfload.patch_font_unsafe'.
Inserting `luaotfload.aux.set_capheight' in `luaotfload.patch_font'.
Inserting `luaotfload.aux.set_xheight' in `luaotfload.patch_font'.
Inserting `luaotfload.rewrite_fontname' in `luaotfload.patch_font'.
Inserting `tracingstacklevels' in `input_level_string'. (C:/Users/itaym/AppData
/Local/Programs/MiKTeX/tex/latex/base/article.cls
Document Class: article 2025/01/22 v1.4n Standard LaTeX document class
(C:/Users/itaym/AppData/Local/Programs/MiKTeX/tex/latex/base/size12.clo
File: size12.clo 2025/01/22 v1.4n Standard LaTeX file (size option)
luaotfload | db : Font names database loaded from C:/Users/itaym/AppData/Local/M
iKTeX/luatex-cache/generic/names/luaotfload-names.luc.gz)
\c@part=\count273
\c@section=\count274
\c@subsection=\count275
\c@subsubsection=\count276
\c@paragraph=\count277
\c@subparagraph=\count278
\c@figure=\count279
\c@table=\count280
\abovecaptionskip=\skip49
\belowcaptionskip=\skip50
\bibindent=\dimen147
)
(C:/Users/itaym/AppData/Local/Programs/MiKTeX/tex/latex/geometry/geometry.sty
Package: geometry 2026/03/07 v6.0 Page Geometry

(C:/Users/itaym/AppData/Local/Programs/MiKTeX/tex/latex/graphics/keyval.sty
Package: keyval 2022/05/29 v1.15 key=value parser (DPC)
\KV@toks@=\toks17
)
(C:/Users/itaym/AppData/Local/Programs/MiKTeX/tex/generic/iftex/ifvtex.sty
Package: ifvtex 2019/10/25 v1.7 ifvtex legacy package. Use iftex instead.

(C:/Users/itaym/AppData/Local/Programs/MiKTeX/tex/generic/iftex/iftex.sty
Package: iftex 2024/12/12 v1.0g TeX engine tests
))
\Gm@cnth=\count281
\Gm@cntv=\count282
\c@Gm@tempcnt=\count283
\Gm@bindingoffset=\dimen148
\Gm@wd@mp=\dimen149
\Gm@odd@mp=\dimen150
\Gm@even@mp=\dimen151
\Gm@layoutwidth=\dimen152
\Gm@layoutheight=\dimen153
\Gm@layouthoffset=\dimen154
\Gm@layoutvoffset=\dimen155
\Gm@dimlist=\toks18

(C:/Users/itaym/AppData/Local/Programs/MiKTeX/tex/latex/geometry/geometry.cfg)) (C:/Users/itaym/AppData/Local/Programs/MiKTeX/tex/latex/fontspec/fontspec.sty
(C:/Users/itaym/AppData/Local/Programs/MiKTeX/tex/latex/l3packages/xparse/xpars
e.sty
(C:/Users/itaym/AppData/Local/Programs/MiKTeX/tex/latex/l3kernel/expl3.sty
Package: expl3 2025-12-24 L3 programming layer (loader) 

(C:/Users/itaym/AppData/Local/Programs/MiKTeX/tex/latex/l3backend/l3backend-lua
tex.def
File: l3backend-luatex.def 2025-10-09 L3 backend support: PDF output (LuaTeX)
\l__color_backend_stack_int=\count284
Inserting `l3color' in `luaotfload.parse_color'.))
Package: xparse 2025-10-09 L3 Experimental document command parser
)
Package: fontspec 2025/09/29 v2.9g Font selection for XeLaTeX and LuaLaTeX
Lua module: fontspec 2025/09/29 v2.9g Font selection for XeLaTeX and LuaLaTeX
(C:/Users/itaym/AppData/Local/Programs/MiKTeX/tex/latex/fontspec/fontspec-luate
x.sty
Package: fontspec-luatex 2025/09/29 v2.9g Font selection for XeLaTeX and LuaLaT
eX
\l__fontspec_script_int=\count285
\l__fontspec_language_int=\count286
\l__fontspec_strnum_int=\count287
\l__fontspec_tmp_int=\count288
\l__fontspec_tmpa_int=\count289
\l__fontspec_tmpb_int=\count290
\l__fontspec_tmpc_int=\count291
\l__fontspec_em_int=\count292
\l__fontspec_emdef_int=\count293
\l__fontspec_strong_int=\count294
\l__fontspec_strongdef_int=\count295
\l__fontspec_tmpa_dim=\dimen156
\l__fontspec_tmpb_dim=\dimen157
\l__fontspec_tmpc_dim=\dimen158
 (C:/Users/itaym/AppData/Local/Programs/MiKTeX/tex/latex/base/fontenc.sty
Package: fontenc 2025/07/18 v2.1d Standard LaTeX package
) (C:/Users/itaym/AppData/Local/Programs/MiKTeX/tex/latex/fontspec/fontspec.cfg
))) (C:/Users/itaym/AppData/Local/Programs/MiKTeX/tex/generic/babel/babel.sty
Package: babel 2025/12/11 v25.17 The multilingual framework for LuaLaTeX, pdfLa
TeX and XeLaTeX

(C:/Users/itaym/AppData/Local/Programs/MiKTeX/tex/generic/babel/luababel.def
\bbl@readstream=\read2
\l@afrikaans=\language2
Package babel Info: Non-standard hyphenation setup on input line 118.
\l@ancientgreek=\language3
\l@armenian=\language4
\l@assamese=\language5
\l@basque=\language6
\l@belarusian=\language7
\l@bengali=\language8
\l@bokmal=\language9
\l@bulgarian=\language10
\l@catalan=\language11
\l@churchslavonic=\language12
\l@classiclatin=\language13
\l@coptic=\language14
\l@croatian=\language15
\l@czech=\language16
\l@danish=\language17
\l@dutch=\language18
\l@esperanto=\language19
\l@estonian=\language20
\l@ethiopic=\language21
\l@finnish=\language22
\l@french=\language23
\l@friulan=\language24
\l@galician=\language25
\l@georgian=\language26
\l@german=\language27
\l@greek=\language28
\l@gujarati=\language29
\l@hindi=\language30
\l@hungarian=\language31
\l@icelandic=\language32
\l@indonesian=\language33
\l@interlingua=\language34
\l@irish=\language35
\l@italian=\language36
\l@kannada=\language37
\l@kurmanji=\language38
\l@latin=\language39
\l@latvian=\language40
\l@lithuanian=\language41
\l@liturgicallatin=\language42
\l@macedonian=\language43
\l@malayalam=\language44
\l@marathi=\language45
\l@mongolian=\language46
\l@mongolianlmc=\language47
\l@monogreek=\language48
\l@ngerman=\language49
\l@nynorsk=\language50
\l@occitan=\language51
\l@oriya=\language52
\l@pali=\language53
\l@panjabi=\language54
\l@piedmontese=\language55
\l@polish=\language56
\l@portuguese=\language57
\l@romanian=\language58
\l@romansh=\language59
\l@russian=\language60
\l@sanskrit=\language61
\l@serbian=\language62
\l@serbianc=\language63
\l@slovak=\language64
\l@slovenian=\language65
\l@spanish=\language66
\l@swedish=\language67
\l@swissgerman=\language68
\l@tamil=\language69
\l@telugu=\language70
\l@thai=\language71
\l@turkish=\language72
\l@turkmen=\language73
\l@ukenglish=\language74
\l@ukrainian=\language75
\l@uppersorbian=\language76
\l@usenglishmax=\language77
\l@welsh=\language78
\babelcatcodetablenum=\catcodetable14
\bbl@pattcodes=\catcodetable15
)
\babel@savecnt=\count296
LaTeX Encoding Info:    Redeclaring text command \ij (encoding OT1) on input li
ne 2068.
LaTeX Encoding Info:    Redeclaring text command \IJ (encoding OT1) on input li
ne 2070.
LaTeX Encoding Info:    Redeclaring text command \ij (encoding T1) on input lin
e 2072.
LaTeX Encoding Info:    Redeclaring text command \IJ (encoding T1) on input lin
e 2073.
LaTeX Encoding Info:    Ignoring declaration for text command \ij (encoding ?) 
on input line 2074.
LaTeX Encoding Info:    Ignoring declaration for text command \IJ (encoding ?) 
on input line 2076.
LaTeX Encoding Info:    Ignoring declaration for text command \SS (encoding ?) 
on input line 2101.
\U@D=\dimen159
\l@unhyphenated=\language79

(C:/Users/itaym/AppData/Local/Programs/MiKTeX/tex/generic/babel/luababel.def
\bbl@attr@locale=\attribute4

(C:/Users/itaym/AppData/Local/Programs/MiKTeX/tex/luatex/luatexbase/luatexbase.
sty
Package: luatexbase 2015/10/04 v1.3 luatexbase interface to LuaTeX 

(C:/Users/itaym/AppData/Local/Programs/MiKTeX/tex/luatex/ctablestack/ctablestac
k.sty
Package: ctablestack 2015/10/01 v1.0 Catcode table stable support
\@catcodetablestackcnt=\count297
)
\CatcodeTableOther=\catcodetable16
\CatcodeTableExpl=\catcodetable17
)
Removing  `luaotfload.node_processor' from `pre_linebreak_filter'.
Inserting `Babel.pre_otfload_v' in `pre_linebreak_filter'.
Inserting `luaotfload.node_processor' in `pre_linebreak_filter'.
Removing  `luaotfload.node_processor' from `hpack_filter'.
Removing  `luaotfload.harf.finalize_hlist' from `hpack_filter'.
Inserting `Babel.pre_otfload_h' in `hpack_filter'.
Inserting `luaotfload.node_processor' in `hpack_filter'.
Inserting `luaotfload.harf.finalize_hlist' in `hpack_filter'.
\bbl@attr@dir=\attribute5
)
Package babel Info: Configuration files are deprecated, as
(babel)             they can break document portability.
(babel)             Reported on input line 4196.

*************************************
* Local config file bblopts.cfg used
*
(C:/Users/itaym/AppData/Local/Programs/MiKTeX/tex/latex/arabi/bblopts.cfg
File: bblopts.cfg 2005/09/08 v0.1 add Arabic and Farsi to "declared" options of
 babel
)
Package babel Info: You haven't specified a language as a class or package
(babel)             option. I'll load 'nil'. Reported on input line 4255.
Package babel Info: Importing font and identification data for nil
(babel)             from babel-und-x-nil.ini. Reported on input line 4320.

(C:/Users/itaym/AppData/Local/Programs/MiKTeX/tex/generic/babel/nil.ldf
Language: nil 2025/12/11 v25.17 Nil language
\l@nil=\language80
))
(C:/Users/itaym/AppData/Local/Programs/MiKTeX/tex/generic/babel/locale/he/babel
-hebrew.tex)
Package babel Info: Importing data for hebrew
(babel)             from babel-he.ini. Reported on input line 5.
\bbl@readsubstream=\read3
Package babel Info: Hyphen rules for 'hebrew' set to \l@nil
(babel)             (\language80). Reported on input line 5.

(C:/Users/itaym/AppData/Local/Programs/MiKTeX/tex/generic/babel/locale/he/babel
-hebrew.tex)
(C:/Users/itaym/AppData/Local/Programs/MiKTeX/tex/generic/babel/babel-ca-hebrew
.tex
\bbl@cntcommon=\count298
\bbl@hebrday=\count299
\bbl@hebrmonth=\count300
\bbl@hebryear=\count301
\bbl@gregday=\count302
\bbl@gregmonth=\count303
\bbl@gregyear=\count304
)
(C:/Users/itaym/AppData/Local/Programs/MiKTeX/tex/generic/babel/locale/en/babel
-english.tex)
Package babel Info: Importing data for english
(babel)             from babel-en.ini. Reported on input line 6.
luaotfload | cache : Lookup cache loaded from C:/Users/itaym/AppData/Local/MiKTe
X/luatex-cache/generic/names/luaotfload-lookup-cache.luc.

Package fontspec Info: 
(fontspec)             Language 'Hebrew' not explicitly supported within font
(fontspec)             'Arial' with script 'Hebrew'. Check the typeset output,
(fontspec)             and if it is okay then ignore this warning. Otherwise a
(fontspec)             different font should be chosen.


Package fontspec Info: 
(fontspec)             Font family 'Arial(0)' created for font 'Arial' with
(fontspec)             options
(fontspec)             [Renderer=Harfbuzz,Ligatures=TeX,Script=Hebrew,Language=
Hebrew,RawFeature={family=rm}].
(fontspec)              
(fontspec)              This font family consists of the following NFSS
(fontspec)             series/shapes:
(fontspec)              
(fontspec)             - 'normal' (m/n) with NFSS spec.:
(fontspec)             <->"name:Arial:mode=harf;script=hebr;language=IWR;+tlig;
family=rm;"
(fontspec)             - 'small caps'  (m/sc) with NFSS spec.:
(fontspec)             <->"name:Arial:mode=harf;script=hebr;language=IWR;+tlig;
family=rm;+smcp;"
(fontspec)             - 'bold' (b/n) with NFSS spec.:
(fontspec)             <->"name:Arial/B:mode=harf;script=hebr;language=IWR;+tli
g;family=rm;"
(fontspec)             - 'bold small caps'  (b/sc) with NFSS spec.:
(fontspec)             <->"name:Arial/B:mode=harf;script=hebr;language=IWR;+tli
g;family=rm;+smcp;"
(fontspec)             - 'italic' (m/it) with NFSS spec.:
(fontspec)             <->"name:Arial/I:mode=harf;script=hebr;language=IWR;+tli
g;family=rm;"
(fontspec)             - 'bold italic' (b/it) with NFSS spec.:
(fontspec)             <->"name:Arial/BI:mode=harf;script=hebr;language=IWR;+tl
ig;family=rm;"


(C:/Users/itaym/AppData/Local/Programs/MiKTeX/tex/latex/amsmath/amsmath.sty
Package: amsmath 2025/07/09 v2.17z AMS math features
\@mathmargin=\skip51

For additional information on amsmath, use the `?' option.
(C:/Users/itaym/AppData/Local/Programs/MiKTeX/tex/latex/amsmath/amstext.sty
Package: amstext 2024/11/17 v2.01 AMS text

(C:/Users/itaym/AppData/Local/Programs/MiKTeX/tex/latex/amsmath/amsgen.sty
File: amsgen.sty 1999/11/30 v2.0 generic functions
\@emptytoks=\toks19
\ex@=\dimen160
))
(C:/Users/itaym/AppData/Local/Programs/MiKTeX/tex/latex/amsmath/amsbsy.sty
Package: amsbsy 1999/11/29 v1.2d Bold Symbols
\pmbraise@=\dimen161
)
(C:/Users/itaym/AppData/Local/Programs/MiKTeX/tex/latex/amsmath/amsopn.sty
Package: amsopn 2022/04/08 v2.04 operator names
)
\inf@bad=\count305
LaTeX Info: Redefining \frac on input line 235.
\uproot@=\count306
\leftroot@=\count307
LaTeX Info: Redefining \overline on input line 398.
LaTeX Info: Redefining \colon on input line 409.
\classnum@=\count308
\DOTSCASE@=\count309
LaTeX Info: Redefining \ldots on input line 495.
LaTeX Info: Redefining \dots on input line 498.
LaTeX Info: Redefining \cdots on input line 619.
\Mathstrutbox@=\box53
\strutbox@=\box54
LaTeX Info: Redefining \big on input line 721.
LaTeX Info: Redefining \Big on input line 722.
LaTeX Info: Redefining \bigg on input line 723.
LaTeX Info: Redefining \Bigg on input line 724.
\big@size=\dimen162
LaTeX Font Info:    Redeclaring font encoding OML on input line 742.
LaTeX Font Info:    Redeclaring font encoding OMS on input line 743.
\macc@depth=\count310
LaTeX Info: Redefining \bmod on input line 904.
LaTeX Info: Redefining \pmod on input line 909.
LaTeX Info: Redefining \smash on input line 939.
LaTeX Info: Redefining \relbar on input line 969.
LaTeX Info: Redefining \Relbar on input line 970.
\c@MaxMatrixCols=\count311
\dotsspace@=\muskip17
\c@parentequation=\count312
\dspbrk@lvl=\count313
\tag@help=\toks20
\row@=\count314
\column@=\count315
\maxfields@=\count316
\andhelp@=\toks21
\eqnshift@=\dimen163
\alignsep@=\dimen164
\tagshift@=\dimen165
\tagwidth@=\dimen166
\totwidth@=\dimen167
\lineht@=\dimen168
\@envbody=\toks22
\multlinegap=\skip52
\multlinetaggap=\skip53
\mathdisplay@stack=\toks23
LaTeX Info: Redefining \[ on input line 2950.
LaTeX Info: Redefining \] on input line 2951.
)
(C:/Users/itaym/AppData/Local/Programs/MiKTeX/tex/latex/tools/array.sty
Package: array 2025/09/25 v2.6n Tabular extension package (FMi)
\col@sep=\dimen169
\ar@mcellbox=\box55
\extrarowheight=\dimen170
\NC@list=\toks24
\extratabsurround=\skip54
\backup@length=\skip55
\ar@cellbox=\box56
)
(C:/Users/itaym/AppData/Local/Programs/MiKTeX/tex/latex/graphics/graphicx.sty
Package: graphicx 2024/12/31 v1.2e Enhanced LaTeX Graphics (DPC,SPQR)

(C:/Users/itaym/AppData/Local/Programs/MiKTeX/tex/latex/graphics/graphics.sty
Package: graphics 2024/08/06 v1.4g Standard LaTeX Graphics (DPC,SPQR)

(C:/Users/itaym/AppData/Local/Programs/MiKTeX/tex/latex/graphics/trig.sty
Package: trig 2023/12/02 v1.11 sin cos tan (DPC)
)
(C:/Users/itaym/AppData/Local/Programs/MiKTeX/tex/latex/graphics-cfg/graphics.c
fg
File: graphics.cfg 2016/06/04 v1.11 sample graphics configuration
)
Package graphics Info: Driver file: luatex.def on input line 106.

(C:/Users/itaym/AppData/Local/Programs/MiKTeX/tex/latex/graphics-def/luatex.def
File: luatex.def 2025/09/29 v1.2f Graphics/color driver for luatex
))
\Gin@req@height=\dimen171
\Gin@req@width=\dimen172
) (C:/Users/itaym/AppData/Local/Programs/MiKTeX/tex/latex/float/float.sty
Package: float 2001/11/08 v1.3d Float enhancements (AL)
\c@float@type=\count317
\float@exts=\toks25
\float@box=\box57
\@float@everytoks=\toks26
\@floatcapt=\box58
)
(C:/Users/itaym/AppData/Local/Programs/MiKTeX/tex/latex/biblatex/biblatex.sty
Package: biblatex 2025/07/10 v3.21 programmable bibliographies (PK/MW)

(C:/Users/itaym/AppData/Local/Programs/MiKTeX/tex/generic/pdftexcmds/pdftexcmds
.sty
Package: pdftexcmds 2020-06-27 v0.33 Utility functions of pdfTeX for LuaTeX (HO
)

(C:/Users/itaym/AppData/Local/Programs/MiKTeX/tex/generic/infwarerr/infwarerr.s
ty
Package: infwarerr 2019/12/03 v1.5 Providing info/warning/error messages (HO)
)
(C:/Users/itaym/AppData/Local/Programs/MiKTeX/tex/generic/ltxcmds/ltxcmds.sty
Package: ltxcmds 2023-12-04 v1.26 LaTeX kernel commands for general use (HO)
)
Package pdftexcmds Info: \pdf@primitive is available.
Package pdftexcmds Info: \pdf@ifprimitive is available.
Package pdftexcmds Info: \pdfdraftmode found.
\pdftexcmds@toks=\toks27
) (C:/Users/itaym/AppData/Local/Programs/MiKTeX/tex/latex/etoolbox/etoolbox.sty
Package: etoolbox 2025/10/02 v2.5m e-TeX tools for LaTeX (JAW)
\etb@tempcnta=\count318
)
(C:/Users/itaym/AppData/Local/Programs/MiKTeX/tex/latex/kvoptions/kvoptions.sty
Package: kvoptions 2022-06-15 v3.15 Key value format for package options (HO)

(C:/Users/itaym/AppData/Local/Programs/MiKTeX/tex/latex/kvsetkeys/kvsetkeys.sty
Package: kvsetkeys 2022-10-05 v1.19 Key value parser (HO)
)) (C:/Users/itaym/AppData/Local/Programs/MiKTeX/tex/latex/logreq/logreq.sty
Package: logreq 2010/08/04 v1.0 xml request logger
\lrq@indent=\count319

(C:/Users/itaym/AppData/Local/Programs/MiKTeX/tex/latex/logreq/logreq.def
File: logreq.def 2010/08/04 v1.0 logreq spec v1.0
))
(C:/Users/itaym/AppData/Local/Programs/MiKTeX/tex/latex/base/ifthen.sty
Package: ifthen 2024/03/16 v1.1e Standard LaTeX ifthen package (DPC)
)
(C:/Users/itaym/AppData/Local/Programs/MiKTeX/tex/latex/url/url.sty
\Urlmuskip=\muskip18
Package: url 2013/09/16  ver 3.4  Verb mode for urls, etc.
)
\c@tabx@nest=\count320
\c@listtotal=\count321
\c@listcount=\count322
\c@liststart=\count323
\c@liststop=\count324
\c@citecount=\count325
\c@citetotal=\count326
\c@multicitecount=\count327
\c@multicitetotal=\count328
\c@instcount=\count329
\c@maxnames=\count330
\c@minnames=\count331
\c@maxitems=\count332
\c@minitems=\count333
\c@citecounter=\count334
\c@maxcitecounter=\count335
\c@savedcitecounter=\count336
\c@uniquelist=\count337
\c@uniquename=\count338
\c@refsection=\count339
\c@refsegment=\count340
\c@maxextratitle=\count341
\c@maxextratitleyear=\count342
\c@maxextraname=\count343
\c@maxextradate=\count344
\c@maxextraalpha=\count345
\c@abbrvpenalty=\count346
\c@highnamepenalty=\count347
\c@lownamepenalty=\count348
\c@maxparens=\count349
\c@parenlevel=\count350
\blx@tempcnta=\count351
\blx@tempcntb=\count352
\blx@tempcntc=\count353
\c@blx@maxsection=\count354
\blx@maxsegment@0=\count355
\blx@notetype=\count356
\blx@parenlevel@text=\count357
\blx@parenlevel@foot=\count358
\blx@sectionciteorder@0=\count359
\blx@sectionciteorderinternal@0=\count360
\blx@entrysetcounter=\count361
\blx@biblioinstance=\count362
\labelnumberwidth=\skip56
\labelalphawidth=\skip57
\biblabelsep=\skip58
\bibitemsep=\skip59
\bibnamesep=\skip60
\bibinitsep=\skip61
\bibparsep=\skip62
\bibhang=\skip63
\blx@bcfin=\read4
\blx@bcfout=\write3
\blx@langwohyphens=\language81
\c@mincomprange=\count363
\c@maxcomprange=\count364
\c@mincompwidth=\count365
Package biblatex Info: Trying to load biblatex default data model...
Package biblatex Info: ... file 'blx-dm.def' found.

(C:/Users/itaym/AppData/Local/Programs/MiKTeX/tex/latex/biblatex/blx-dm.def
File: blx-dm.def 2025/07/10 v3.21 biblatex datamodel (PK/MW)
)
Package biblatex Info: Trying to load biblatex style data model...
Package biblatex Info: ... file 'numeric.dbx' not found.
Package biblatex Info: Trying to load biblatex custom data model...
Package biblatex Info: ... file 'biblatex-dm.cfg' not found.
\c@afterword=\count366
\c@savedafterword=\count367
\c@annotator=\count368
\c@savedannotator=\count369
\c@author=\count370
\c@savedauthor=\count371
\c@bookauthor=\count372
\c@savedbookauthor=\count373
\c@commentator=\count374
\c@savedcommentator=\count375
\c@editor=\count376
\c@savededitor=\count377
\c@editora=\count378
\c@savededitora=\count379
\c@editorb=\count380
\c@savededitorb=\count381
\c@editorc=\count382
\c@savededitorc=\count383
\c@foreword=\count384
\c@savedforeword=\count385
\c@holder=\count386
\c@savedholder=\count387
\c@introduction=\count388
\c@savedintroduction=\count389
\c@namea=\count390
\c@savednamea=\count391
\c@nameb=\count392
\c@savednameb=\count393
\c@namec=\count394
\c@savednamec=\count395
\c@translator=\count396
\c@savedtranslator=\count397
\c@shortauthor=\count398
\c@savedshortauthor=\count399
\c@shorteditor=\count400
\c@savedshorteditor=\count401
\c@labelname=\count402
\c@savedlabelname=\count403
\c@institution=\count404
\c@savedinstitution=\count405
\c@lista=\count406
\c@savedlista=\count407
\c@listb=\count408
\c@savedlistb=\count409
\c@listc=\count410
\c@savedlistc=\count411
\c@listd=\count412
\c@savedlistd=\count413
\c@liste=\count414
\c@savedliste=\count415
\c@listf=\count416
\c@savedlistf=\count417
\c@location=\count418
\c@savedlocation=\count419
\c@organization=\count420
\c@savedorganization=\count421
\c@origlocation=\count422
\c@savedoriglocation=\count423
\c@origpublisher=\count424
\c@savedorigpublisher=\count425
\c@publisher=\count426
\c@savedpublisher=\count427
\c@language=\count428
\c@savedlanguage=\count429
\c@origlanguage=\count430
\c@savedoriglanguage=\count431
\c@pageref=\count432
\c@savedpageref=\count433
\shorthandwidth=\skip64
\shortjournalwidth=\skip65
\shortserieswidth=\skip66
\shorttitlewidth=\skip67
\shortauthorwidth=\skip68
\shorteditorwidth=\skip69
\locallabelnumberwidth=\skip70
\locallabelalphawidth=\skip71
\localshorthandwidth=\skip72
\localshortjournalwidth=\skip73
\localshortserieswidth=\skip74
\localshorttitlewidth=\skip75
\localshortauthorwidth=\skip76
\localshorteditorwidth=\skip77
Package biblatex Info: Trying to load enhanced support for Unicode engines...
Package biblatex Info: ... file 'blx-unicode.def' found.

(C:/Users/itaym/AppData/Local/Programs/MiKTeX/tex/latex/biblatex/blx-unicode.de
f)
Package biblatex Info: Trying to load compatibility code...
Package biblatex Info: ... file 'blx-compat.def' found.

(C:/Users/itaym/AppData/Local/Programs/MiKTeX/tex/latex/biblatex/blx-compat.def
File: blx-compat.def 2025/07/10 v3.21 biblatex compatibility (PK/MW)
)
Package biblatex Info: Trying to load generic definitions...
Package biblatex Info: ... file 'biblatex.def' found.
 (C:/Users/itaym/AppData/Local/Programs/MiKTeX/tex/latex/biblatex/biblatex.def
File: biblatex.def 2025/07/10 v3.21 biblatex compatibility (PK/MW)
\c@textcitecount=\count434
\c@textcitetotal=\count435
\c@textcitemaxnames=\count436
\c@biburlbigbreakpenalty=\count437
\c@biburlbreakpenalty=\count438
\c@biburlnumpenalty=\count439
\c@biburlucpenalty=\count440
\c@biburllcpenalty=\count441
\biburlbigskip=\muskip19
\biburlnumskip=\muskip20
\biburlucskip=\muskip21
\biburllcskip=\muskip22
\c@smartand=\count442
)
Package biblatex Info: Trying to load bibliography style 'numeric'...
Package biblatex Info: ... file 'numeric.bbx' found.

(C:/Users/itaym/AppData/Local/Programs/MiKTeX/tex/latex/biblatex/bbx/numeric.bb
x
File: numeric.bbx 2025/07/10 v3.21 biblatex bibliography style (PK/MW)
Package biblatex Info: Trying to load bibliography style 'standard'...
Package biblatex Info: ... file 'standard.bbx' found.

(C:/Users/itaym/AppData/Local/Programs/MiKTeX/tex/latex/biblatex/bbx/standard.b
bx
File: standard.bbx 2025/07/10 v3.21 biblatex bibliography style (PK/MW)
\c@bbx:relatedcount=\count443
\c@bbx:relatedtotal=\count444
))
Package biblatex Info: Trying to load citation style 'numeric'...
Package biblatex Info: ... file 'numeric.cbx' found.

(C:/Users/itaym/AppData/Local/Programs/MiKTeX/tex/latex/biblatex/cbx/numeric.cb
x
File: numeric.cbx 2025/07/10 v3.21 biblatex citation style (PK/MW)
Package biblatex Info: Redefining '\cite'.
Package biblatex Info: Redefining '\parencite'.
Package biblatex Info: Redefining '\footcite'.
Package biblatex Info: Redefining '\footcitetext'.
Package biblatex Info: Redefining '\smartcite'.
Package biblatex Info: Redefining '\supercite'.
Package biblatex Info: Redefining '\textcite'.
Package biblatex Info: Redefining '\textcites'.
Package biblatex Info: Redefining '\cites'.
Package biblatex Info: Redefining '\parencites'.
Package biblatex Info: Redefining '\smartcites'.
)
Package biblatex Info: Trying to load configuration file...
Package biblatex Info: ... file 'biblatex.cfg' found.

(C:/Users/itaym/AppData/Local/Programs/MiKTeX/tex/latex/biblatex/biblatex.cfg
File: biblatex.cfg 
)
Package biblatex Info: LuaTeX detected.
(biblatex)             Assuming input encoding 'utf8'.
Package biblatex Info: Document encoding is UTF8 ....
Package biblatex Info: ... and expl3
(biblatex)             2025-12-24 L3 programming layer (loader) 
(biblatex)             is new enough (at least 2020/04/06),
(biblatex)             setting 'casechanger=expl3'.

(C:/Users/itaym/AppData/Local/Programs/MiKTeX/tex/latex/biblatex/blx-case-expl3
.sty
Package: blx-case-expl3 2025/07/10 v3.21 expl3 case changing code for biblatex
))
(C:/Users/itaym/AppData/Local/Programs/MiKTeX/tex/latex/hyperref/hyperref.sty
Package: hyperref 2025-07-12 v7.01o Hypertext links for LaTeX

(C:/Users/itaym/AppData/Local/Programs/MiKTeX/tex/generic/kvdefinekeys/kvdefine
keys.sty
Package: kvdefinekeys 2019-12-19 v1.6 Define keys (HO)
)
(C:/Users/itaym/AppData/Local/Programs/MiKTeX/tex/generic/pdfescape/pdfescape.s
ty
Package: pdfescape 2019/12/09 v1.15 Implements pdfTeX's escape features (HO)
) (C:/Users/itaym/AppData/Local/Programs/MiKTeX/tex/latex/hycolor/hycolor.sty
Package: hycolor 2020-01-27 v1.10 Color options for hyperref/bookmark (HO)
) (C:/Users/itaym/AppData/Local/Programs/MiKTeX/tex/latex/hyperref/nameref.sty
Package: nameref 2025-06-21 v2.57 Cross-referencing by name of section

(C:/Users/itaym/AppData/Local/Programs/MiKTeX/tex/latex/refcount/refcount.sty
Package: refcount 2019/12/15 v3.6 Data extraction from label references (HO)
)
(C:/Users/itaym/AppData/Local/Programs/MiKTeX/tex/generic/gettitlestring/gettit
lestring.sty
Package: gettitlestring 2019/12/15 v1.6 Cleanup title references (HO)
)
\c@section@level=\count445
)
(C:/Users/itaym/AppData/Local/Programs/MiKTeX/tex/generic/stringenc/stringenc.s
ty
Package: stringenc 2019/11/29 v1.12 Convert strings between diff. encodings (HO
)
)
\@linkdim=\dimen173
\Hy@linkcounter=\count446
\Hy@pagecounter=\count447
 (C:/Users/itaym/AppData/Local/Programs/MiKTeX/tex/latex/hyperref/pd1enc.def
File: pd1enc.def 2025-07-12 v7.01o Hyperref: PDFDocEncoding definition (HO)
) (C:/Users/itaym/AppData/Local/Programs/MiKTeX/tex/generic/intcalc/intcalc.sty
Package: intcalc 2019/12/15 v1.3 Expandable calculations with integers (HO)
)
\Hy@SavedSpaceFactor=\count448
 (C:/Users/itaym/AppData/Local/Programs/MiKTeX/tex/latex/hyperref/puenc.def
File: puenc.def 2025-07-12 v7.01o Hyperref: PDF Unicode definition (HO)
)
Package hyperref Info: Hyper figures OFF on input line 4195.
Package hyperref Info: Link nesting OFF on input line 4200.
Package hyperref Info: Hyper index ON on input line 4203.
Package hyperref Info: Plain pages OFF on input line 4210.
Package hyperref Info: Backreferencing OFF on input line 4215.
Package hyperref Info: Implicit mode ON; LaTeX internals redefined.
Package hyperref Info: Bookmarks ON on input line 4462.
\c@Hy@tempcnt=\count449
LaTeX Info: Redefining \url on input line 4801.
\XeTeXLinkMargin=\dimen174

(C:/Users/itaym/AppData/Local/Programs/MiKTeX/tex/generic/bitset/bitset.sty
Package: bitset 2019/12/09 v1.3 Handle bit-vector datatype (HO)

(C:/Users/itaym/AppData/Local/Programs/MiKTeX/tex/generic/bigintcalc/bigintcalc
.sty
Package: bigintcalc 2019/12/15 v1.5 Expandable calculations on big integers (HO
)
))
\Fld@menulength=\count450
\Field@Width=\dimen175
\Fld@charsize=\dimen176
Package hyperref Info: Hyper figures OFF on input line 6078.
Package hyperref Info: Link nesting OFF on input line 6083.
Package hyperref Info: Hyper index ON on input line 6086.
Package hyperref Info: backreferencing OFF on input line 6093.
Package hyperref Info: Link coloring OFF on input line 6098.
Package hyperref Info: Link coloring with OCG OFF on input line 6103.
Package hyperref Info: PDF/A mode OFF on input line 6108.
\Hy@abspage=\count451
\c@Item=\count452
\c@Hfootnote=\count453
)
Package hyperref Info: Driver (autodetected): hluatex.

(C:/Users/itaym/AppData/Local/Programs/MiKTeX/tex/latex/hyperref/hluatex.def
File: hluatex.def 2025-07-12 v7.01o Hyperref driver for luaTeX
\Fld@listcount=\count454
\c@bookmark@seq@number=\count455

(C:/Users/itaym/AppData/Local/Programs/MiKTeX/tex/latex/rerunfilecheck/rerunfil
echeck.sty
Package: rerunfilecheck 2025-06-21 v1.11 Rerun checks for auxiliary files (HO)

(C:/Users/itaym/AppData/Local/Programs/MiKTeX/tex/generic/uniquecounter/uniquec
ounter.sty
Package: uniquecounter 2019/12/15 v1.4 Provide unlimited unique counter (HO)
)
Package uniquecounter Info: New unique counter `rerunfilecheck' on input line 2
84.
)
\Hy@SectionHShift=\skip78
)
Package hyperref Info: Option `colorlinks' set `true' on input line 17.

(C:/Users/itaym/AppData/Local/Programs/MiKTeX/tex/latex/fancyhdr/fancyhdr.sty
Package: fancyhdr 2025/02/07 v5.2 Extensive control of page headers and footers

\f@nch@headwidth=\skip79
\f@nch@offset@elh=\skip80
\f@nch@offset@erh=\skip81
\f@nch@offset@olh=\skip82
\f@nch@offset@orh=\skip83
\f@nch@offset@elf=\skip84
\f@nch@offset@erf=\skip85
\f@nch@offset@olf=\skip86
\f@nch@offset@orf=\skip87
\f@nch@height=\skip88
\f@nch@footalignment=\skip89
\f@nch@widthL=\skip90
\f@nch@widthC=\skip91
\f@nch@widthR=\skip92
\@temptokenb=\toks28
)

Package biblatex Warning: 'babel/polyglossia' detected but 'csquotes' missing.
(biblatex)                Loading 'csquotes' recommended.

\@quotelevel=\count456
\@quotereset=\count457

(C:/Users/itaym/Documents/hw3-autonomous-academic-paper-generation-ai/-Autonomo
us-Academic-Paper-Generation-Pipeline/data/processed/build/output.aux

Package babel Info: The following font families will use the default
(babel)             settings for all or some languages:
(babel)             * \sffamily = lmss
(babel)               [lmsans12-regular]:+tlig; at 12.0pt
(babel)             * \ttfamily = lmtt
(babel)               [lmmono12-regular]: at 12.0pt
(babel)             There is nothing intrinsically wrong with it, but
(babel)             'babel' will no set Script and Language, which could
(babel)             be relevant in some languages. If your document uses
(babel)             these families, consider redefining them with \babelfont.
(babel)             Reported on input line 3.

)
\openout1 = output.aux

LaTeX Font Info:    Checking defaults for OML/cmm/m/it on input line 25.
LaTeX Font Info:    ... okay on input line 25.
LaTeX Font Info:    Checking defaults for OMS/cmsy/m/n on input line 25.
LaTeX Font Info:    ... okay on input line 25.
LaTeX Font Info:    Checking defaults for OT1/cmr/m/n on input line 25.
LaTeX Font Info:    ... okay on input line 25.
LaTeX Font Info:    Checking defaults for T1/cmr/m/n on input line 25.
LaTeX Font Info:    ... okay on input line 25.
LaTeX Font Info:    Checking defaults for TS1/cmr/m/n on input line 25.
LaTeX Font Info:    ... okay on input line 25.
LaTeX Font Info:    Checking defaults for TU/lmr/m/n on input line 25.
LaTeX Font Info:    ... okay on input line 25.
LaTeX Font Info:    Checking defaults for OMX/cmex/m/n on input line 25.
LaTeX Font Info:    ... okay on input line 25.
LaTeX Font Info:    Checking defaults for U/cmr/m/n on input line 25.
LaTeX Font Info:    ... okay on input line 25.
LaTeX Font Info:    Checking defaults for PD1/pdf/m/n on input line 25.
LaTeX Font Info:    ... okay on input line 25.
LaTeX Font Info:    Checking defaults for PU/pdf/m/n on input line 25.
LaTeX Font Info:    ... okay on input line 25.

*geometry* driver: auto-detecting
*geometry* detected driver: luatex
*geometry* verbose mode - [ preamble ] result:
* driver: luatex
* paper: a4paper
* layout: <same size as paper>
* layoutoffset:(h,v)=(0.0pt,0.0pt)
* modes: 
* h-part:(L,W,R)=(71.13188pt, 455.24411pt, 71.13188pt)
* v-part:(T,H,B)=(71.13188pt, 702.78308pt, 71.13188pt)
* \paperwidth=597.50787pt
* \paperheight=845.04684pt
* \textwidth=455.24411pt
* \textheight=702.78308pt
* \oddsidemargin=-1.1381pt
* \evensidemargin=-1.1381pt
* \topmargin=-38.1381pt
* \headheight=14.0pt
* \headsep=25.0pt
* \topskip=12.0pt
* \footskip=30.0pt
* \marginparwidth=35.0pt
* \marginparsep=10.0pt
* \columnsep=10.0pt
* \skip\footins=10.8pt plus 4.0pt minus 2.0pt
* \hoffset=0.0pt
* \voffset=0.0pt
* \mag=1000
* \@twocolumnfalse
* \@twosidefalse
* \@mparswitchfalse
* \@reversemarginfalse
* (1in=72.27pt=25.4mm, 1cm=28.453pt)


Package fontspec Info: 
(fontspec)             Adjusting the maths setup (use [no-math] to avoid
(fontspec)             this).

\symlegacymaths=\mathgroup4
LaTeX Font Info:    Overwriting symbol font `legacymaths' in version `bold'
(Font)                  OT1/cmr/m/n --> OT1/cmr/bx/n on input line 25.
LaTeX Font Info:    Redeclaring math accent \acute on input line 25.
LaTeX Font Info:    Redeclaring math accent \grave on input line 25.
LaTeX Font Info:    Redeclaring math accent \ddot on input line 25.
LaTeX Font Info:    Redeclaring math accent \tilde on input line 25.
LaTeX Font Info:    Redeclaring math accent \bar on input line 25.
LaTeX Font Info:    Redeclaring math accent \breve on input line 25.
LaTeX Font Info:    Redeclaring math accent \check on input line 25.
LaTeX Font Info:    Redeclaring math accent \hat on input line 25.
LaTeX Font Info:    Redeclaring math accent \dot on input line 25.
LaTeX Font Info:    Redeclaring math accent \mathring on input line 25.
LaTeX Font Info:    Redeclaring math symbol \Gamma on input line 25.
LaTeX Font Info:    Redeclaring math symbol \Delta on input line 25.
LaTeX Font Info:    Redeclaring math symbol \Theta on input line 25.
LaTeX Font Info:    Redeclaring math symbol \Lambda on input line 25.
LaTeX Font Info:    Redeclaring math symbol \Xi on input line 25.
LaTeX Font Info:    Redeclaring math symbol \Pi on input line 25.
LaTeX Font Info:    Redeclaring math symbol \Sigma on input line 25.
LaTeX Font Info:    Redeclaring math symbol \Upsilon on input line 25.
LaTeX Font Info:    Redeclaring math symbol \Phi on input line 25.
LaTeX Font Info:    Redeclaring math symbol \Psi on input line 25.
LaTeX Font Info:    Redeclaring math symbol \Omega on input line 25.
LaTeX Font Info:    Redeclaring math symbol \mathdollar on input line 25.
LaTeX Font Info:    Redeclaring symbol font `operators' on input line 25.
LaTeX Font Info:    Encoding `OT1' has changed to `TU' for symbol font
(Font)              `operators' in the math version `normal' on input line 25.
LaTeX Font Info:    Overwriting symbol font `operators' in version `normal'
(Font)                  OT1/cmr/m/n --> TU/Arial(0)/m/n on input line 25.
LaTeX Font Info:    Encoding `OT1' has changed to `TU' for symbol font
(Font)              `operators' in the math version `bold' on input line 25.
LaTeX Font Info:    Overwriting symbol font `operators' in version `bold'
(Font)                  OT1/cmr/bx/n --> TU/Arial(0)/m/n on input line 25.
LaTeX Font Info:    Overwriting symbol font `operators' in version `normal'
(Font)                  TU/Arial(0)/m/n --> TU/Arial(0)/m/n on input line 25.
LaTeX Font Info:    Overwriting math alphabet `\mathit' in version `normal'
(Font)                  OT1/cmr/m/it --> TU/Arial(0)/m/it on input line 25.
LaTeX Font Info:    Overwriting math alphabet `\mathbf' in version `normal'
(Font)                  OT1/cmr/bx/n --> TU/Arial(0)/b/n on input line 25.
LaTeX Font Info:    Overwriting math alphabet `\mathsf' in version `normal'
(Font)                  OT1/cmss/m/n --> TU/lmss/m/n on input line 25.
LaTeX Font Info:    Overwriting math alphabet `\mathtt' in version `normal'
(Font)                  OT1/cmtt/m/n --> TU/lmtt/m/n on input line 25.
LaTeX Font Info:    Overwriting symbol font `operators' in version `bold'
(Font)                  TU/Arial(0)/m/n --> TU/Arial(0)/b/n on input line 25.
LaTeX Font Info:    Overwriting math alphabet `\mathit' in version `bold'
(Font)                  OT1/cmr/bx/it --> TU/Arial(0)/b/it on input line 25.
LaTeX Font Info:    Overwriting math alphabet `\mathsf' in version `bold'
(Font)                  OT1/cmss/bx/n --> TU/lmss/b/n on input line 25.
LaTeX Font Info:    Overwriting math alphabet `\mathtt' in version `bold'
(Font)                  OT1/cmtt/m/n --> TU/lmtt/b/n on input line 25.
Removing  `Babel.pre_otfload_h' from `hpack_filter'.
Removing  `luaotfload.node_processor' from `hpack_filter'.
Removing  `luaotfload.harf.finalize_hlist' from `hpack_filter'.
Inserting `Babel.math_box_dir' in `hpack_filter'.
Inserting `Babel.pre_otfload_h' in `hpack_filter'.
Inserting `luaotfload.node_processor' in `hpack_filter'.
Inserting `luaotfload.harf.finalize_hlist' in `hpack_filter'.
Inserting `Babel.unset_atdir' in `pre_linebreak_filter'.
Inserting `Babel.unset_atdir' in `hpack_filter'.
(C:/Users/itaym/AppData/Local/Programs/MiKTeX/tex/context/base/mkii/supp-pdf.mk
ii
[Loading MPS to PDF converter (version 2006.09.02).]
\scratchcounter=\count458
\scratchdimen=\dimen177
\scratchbox=\box59
\nofMPsegments=\count459
\nofMParguments=\count460
\everyMPshowfont=\toks29
\MPscratchCnt=\count461
\MPscratchDim=\dimen178
\MPnumerator=\count462
\makeMPintoPDFobject=\count463
\everyMPtoPDFconversion=\toks30
)
(C:/Users/itaym/AppData/Local/Programs/MiKTeX/tex/latex/epstopdf-pkg/epstopdf-b
ase.sty
Package: epstopdf-base 2020-01-24 v2.11 Base part for package epstopdf
Package epstopdf-base Info: Redefining graphics rule for `.eps' on input line 4
85.

(C:/Users/itaym/AppData/Local/Programs/MiKTeX/tex/latex/00miktex/epstopdf-sys.c
fg
File: epstopdf-sys.cfg 2021/03/18 v2.0 Configuration of epstopdf for MiKTeX
))
Package biblatex Info: Trying to load language 'nil'...
Package biblatex Info: ... file 'nil.lbx' not found.


Package biblatex Warning: Language 'nil' not supported.
(biblatex)                Using dummy definitions on input line 25.

Package biblatex Info: Trying to load language 'hebrew'...
Package biblatex Info: ... file 'hebrew.lbx' not found.

Package biblatex Warning: Language 'hebrew' not supported.
(biblatex)                Using dummy definitions on input line 25.

Package biblatex Info: LuaTeX detected.
(biblatex)             Assuming input encoding 'utf8'.
Package biblatex Info: Automatic encoding selection.
(biblatex)             Assuming data encoding 'utf8'.

\openout3 = output.bcf
Package biblatex Info: Trying to load bibliographic data...
Package biblatex Info: ... file 'output.bbl' found.

(C:/Users/itaym/Documents/hw3-autonomous-academic-paper-generation-ai/-Autonomo
us-Academic-Paper-Generation-Pipeline/data/processed/build/output.bbl)
Package biblatex Info: Reference section=0 on input line 25.
Package biblatex Info: Reference segment=0 on input line 25.

(C:/Users/itaym/AppData/Local/Programs/MiKTeX/tex/latex/graphics/color.sty
Package: color 2025/01/14 v1.3e Standard LaTeX Color (DPC)

(C:/Users/itaym/AppData/Local/Programs/MiKTeX/tex/latex/graphics-cfg/color.cfg
File: color.cfg 2016/01/02 v1.6 sample color configuration
)
Package color Info: Driver file: luatex.def on input line 149.
(C:/Users/itaym/AppData/Local/Programs/MiKTeX/tex/latex/graphics/mathcolor.ltx))
Package hyperref Info: Link coloring ON on input line 25.

(C:/Users/itaym/Documents/hw3-autonomous-academic-paper-generation-ai/-Autonomo
us-Academic-Paper-Generation-Pipeline/data/processed/build/output.out)
(C:/Users/itaym/Documents/hw3-autonomous-academic-paper-generation-ai/-Autonomo
us-Academic-Paper-Generation-Pipeline/data/processed/build/output.out)
\@outlinefile=\write4

\openout4 = output.out
 [1

{C:/Users/itaym/AppData/Local/MiKTeX/fonts/map/pdftex/pdftex.map}]

LaTeX Warning: Citation 'ref1' undefined on input line 40.


LaTeX Warning: Citation 'ref2' undefined on input line 40.


LaTeX Warning: Citation 'ref3' undefined on input line 40.


LaTeX Warning: Citation 'ref4' undefined on input line 40.


LaTeX Warning: Citation 'ref5' undefined on input line 40.


LaTeX Warning: Citation 'ref6' undefined on input line 40.


LaTeX Warning: Citation 'ref7' undefined on input line 40.


LaTeX Warning: Citation 'ref8' undefined on input line 40.


LaTeX Warning: Citation 'ref9' undefined on input line 40.


Overfull \hbox (38.93079pt too wide) in paragraph at lines 45--77
[]\TU/Arial(0)/m/n/12 % Example Preamble for LaTeX Typesetter: % \documentclass[
12pt, a4paper, oneside]{article}
 []


Overfull \hbox (50.293pt too wide) in paragraph at lines 45--77
\TU/Arial(0)/m/n/12 \setotherlanguage{english} % \setcode{utf8} % \newfontfamily
\hebrewfont[Script=Hebrew]{David
 []


Overfull \hbox (83.33319pt too wide) in paragraph at lines 45--77
\TU/Arial(0)/m/n/12 CLM} % \newfontfamily\englishfont{Arial} % Or Times New Roma
n, etc. % \setdefaultlanguage{hebrew}
 []


Overfull \hbox (11.96683pt too wide) in paragraph at lines 45--77
\TU/Arial(0)/m/n/12 \usepackage{graphicx} % \usepackage{caption} % \usepackage{f
ancyhdr} % For headers
 []


Overfull \hbox (129.1005pt too wide) in paragraph at lines 45--77
\TU/Arial(0)/m/n/12 \fancyhead[L]{\textLR{Paper Title}} % Example Left header fo
r LTR content % \fancyhead[R]{\textRL{\rightmark}}
 []


Overfull \hbox (33.96292pt too wide) in paragraph at lines 45--77
\TU/Arial(0)/m/n/12 centered % \renewcommand{\headrulewidth}{0.4pt} % \renewcomm
and{\footrulewidth}{0.4pt}
 []


Overfull \hbox (92.20706pt too wide) in paragraph at lines 45--77
\TU/Arial(0)/m/n/12 % \usepackage{hyperref} % \usepackage{xurl} % Better line br
eaking for URLs % \usepackage{csquotes}
 []


Overfull \hbox (7.47464pt too wide) in paragraph at lines 78--89
[]\TU/Arial(0)/m/n/12 % Adjustments for BiDi % \PolyglossiaSetup{hebrew}{indentf
irst=false,bidifootnote=true}
 []


Overfull \hbox (62.71292pt too wide) in paragraph at lines 78--89
\TU/Arial(0)/m/n/12 % Example % \makeatletter % \def\maketitle{% % \bgroup % \se
ttowidth{\@tempdima}{\@author}%
 []


LaTeX Warning: Citation 'ref1' on page 1 undefined on input line 96.


LaTeX Warning: Citation 'ref2' on page 1 undefined on input line 96.


LaTeX Warning: Citation 'ref3' on page 1 undefined on input line 96.


LaTeX Warning: Citation 'ref4' on page 1 undefined on input line 96.


LaTeX Warning: Citation 'ref5' on page 1 undefined on input line 96.


LaTeX Warning: Citation 'ref6' on page 1 undefined on input line 96.


LaTeX Warning: Citation 'ref7' on page 1 undefined on input line 96.


LaTeX Warning: Citation 'ref8' on page 1 undefined on input line 96.


LaTeX Warning: Citation 'ref9' on page 1 undefined on input line 96.


Overfull \hbox (8.71254pt too wide) in paragraph at lines 96--97
\TU/Arial(0)/m/n/12 כפרשנויות לאירועים מרכזיים המר
מזות על פעולות חשאיות ומתואמות של מספר יחי
דים [[]], ממשיכות
 []


warning  (pdf backend): ignoring duplicate destination with the name 'page.1'
[1]

LaTeX Warning: Citation 'ref1' on page 2 undefined on input line 102.


LaTeX Warning: Citation 'ref2' on page 2 undefined on input line 102.


LaTeX Warning: Citation 'ref3' on page 2 undefined on input line 102.


LaTeX Warning: Citation 'ref4' on page 2 undefined on input line 102.


LaTeX Warning: Citation 'ref5' on page 2 undefined on input line 102.


LaTeX Warning: Citation 'ref6' on page 2 undefined on input line 102.


LaTeX Warning: Citation 'ref7' on page 2 undefined on input line 102.


LaTeX Warning: Citation 'ref8' on page 2 undefined on input line 102.


LaTeX Warning: Citation 'ref9' on page 2 undefined on input line 102.


Overfull \hbox (17.21683pt too wide) in paragraph at lines 102--103
\TU/Arial(0)/m/n/12 This research critically examines the complex issue of Unide
ntified Anomalous Phenomena
 []


Overfull \hbox (0.53714pt too wide) in paragraph at lines 102--103
\TU/Arial(0)/m/n/12 with an emphasis on reports from the U.S. government’s All
-domain Anomaly Resolution
 []


Overfull \hbox (3.69496pt too wide) in paragraph at lines 102--103
\TU/Arial(0)/m/n/12 bias and my-side bias [[]], the relationships between conspi
racy theories and paranoia
 []


Overfull \hbox (26.13675pt too wide) in paragraph at lines 102--103
\TU/Arial(0)/m/n/12 between the absence of scientific evidence and the resilienc
e of extraterrestrial conspiratorial
 []


Overfull \hbox (8.14401pt too wide) in paragraph at lines 104--105
[]\TU/Arial(0)/b/n/12 Keywords: \TU/Arial(0)/m/n/12 Conspiracy Theories, UFOs, 
UAP, AARO, Extraterrestrials, Cognition, Social
 []


(C:/Users/itaym/Documents/hw3-autonomous-academic-paper-generation-ai/-Autonomo
us-Academic-Paper-Generation-Pipeline/data/processed/build/output.toc [2])
\tf@toc=\write5

\openout5 = output.toc

[3]

LaTeX Warning: Citation 'ref2' on page 4 undefined on input line 113.


Overfull \hbox (19.13637pt too wide) in paragraph at lines 113--114
[]\TU/Arial(0)/m/n/12 העניין בתופעות שמימיות בלתי מו
סברות, המכונות כיום לרוב ”תופעות חריגות בל
תי מזוהות” (Unidentified
 []


LaTeX Warning: Citation 'ref1' on page 4 undefined on input line 115.


LaTeX Warning: Citation 'ref1' on page 4 undefined on input line 115.


LaTeX Warning: Citation 'ref2' on page 4 undefined on input line 115.


LaTeX Warning: Citation 'ref3' on page 4 undefined on input line 117.


LaTeX Warning: Citation 'ref4' on page 4 undefined on input line 117.


LaTeX Warning: Citation 'ref4' on page 4 undefined on input line 119.


LaTeX Warning: Citation 'ref5' on page 4 undefined on input line 119.


LaTeX Warning: Citation 'ref6' on page 4 undefined on input line 119.


LaTeX Warning: Citation 'ref7' on page 4 undefined on input line 119.


LaTeX Warning: Citation 'ref8' on page 4 undefined on input line 119.


LaTeX Warning: Citation 'ref9' on page 4 undefined on input line 119.

[4]
Overfull \hbox (0.57837pt too wide) in paragraph at lines 131--156
\TU/Arial(0)/m/n/12 מספר הציוויליזציות בגלקסיה שלנ
ו שבהן קיימת תקשורת \\ \hline $\OML/cmm/m/it/12 R[]$ \TU/Arial(
0)/m/n/12 & קצב היווצרות כוכבים מתאימים
 []


LaTeX Warning: Citation 'ref2' on page 5 undefined on input line 167.


LaTeX Warning: Citation 'ref1' on page 5 undefined on input line 169.


LaTeX Warning: Citation 'ref1' on page 5 undefined on input line 169.


LaTeX Warning: Citation 'ref1' on page 5 undefined on input line 169.


Overfull \hbox (93.24417pt too wide) in paragraph at lines 171--177
[]\TU/Arial(0)/m/n/12 \begin{figure}[htbp] \centering \includegraphics[width=0.8
\textwidth]{placeholder_uap_classification.png}
 []

[5]

LaTeX Warning: Citation 'ref2' on page 6 undefined on input line 178.


LaTeX Warning: Citation 'ref3' on page 6 undefined on input line 182.


LaTeX Warning: Citation 'ref4' on page 6 undefined on input line 184.


LaTeX Warning: Citation 'ref4' on page 6 undefined on input line 184.


LaTeX Warning: Citation 'ref4' on page 6 undefined on input line 186.


LaTeX Warning: Citation 'ref5' on page 6 undefined on input line 190.

[6]

LaTeX Warning: Citation 'ref5' on page 7 undefined on input line 192.


Overfull \hbox (2.24873pt too wide) in paragraph at lines 192--193
[]\TU/Arial(0)/m/n/12 אחת הטקטיקות הנפוצות היא השימו
ש ב”תמונות מטושטשות ועדויות עדים” [[]]. תמו
נות מטושטשות
 []


LaTeX Warning: Citation 'ref5' on page 7 undefined on input line 194.


Overfull \hbox (45.08559pt too wide) in paragraph at lines 196--210
[]\TU/Arial(0)/m/n/12 \begin{figure}[htbp] \centering \begin{tikzpicture}[ node distance=1.5cm, block/.style={rectangle,
 []


Overfull \hbox (7.09969pt too wide) in paragraph at lines 196--210
\TU/Arial(0)/m/n/12 draw, fill=blue!10, text width=4cm, text centered, rounded 
corners, minimum height=1cm,
 []


Overfull \hbox (22.0196pt too wide) in paragraph at lines 196--210
\TU/Arial(0)/m/n/12 text width=3cm, text centered, aspect=2, font=\small}, cloud
/.style={draw, ellipse,fill=red!10,
 []


Overfull \hbox (33.99901pt too wide) in paragraph at lines 211--221
\TU/Arial(0)/m/n/12 (rhetoric) node [midway, below] {מעודד ייצור}; % 
Feedback loop \end{tikzpicture} \caption{תרשים
 []


Overfull \hbox (7.93195pt too wide) in paragraph at lines 211--221
\TU/Arial(0)/m/n/12 שימוש בטקטיקות רטוריות, והיווצר
ות אמונה בתיאוריות קשר חוצניות.} \label{fig:interplay_
diagram}
 []


LaTeX Warning: Citation 'ref1' on page 7 undefined on input line 229.


LaTeX Warning: Citation 'ref2' on page 7 undefined on input line 229.


LaTeX Warning: Citation 'ref1' on page 7 undefined on input line 233.


LaTeX Warning: Citation 'ref2' on page 7 undefined on input line 233.

[7]

LaTeX Warning: Citation 'ref1' on page 8 undefined on input line 234.


Overfull \hbox (12.01358pt too wide) in paragraph at lines 234--235
[]\TU/Arial(0)/b/n/12 בחינת מתודולוגיית החקירה: \TU/Arial
(0)/m/n/12 ניתוח הדרכים שבהן AARO וגופים קודמים ל
ו ביצעו את חקירותיהם
 []


LaTeX Warning: Citation 'ref1' on page 8 undefined on input line 235.


LaTeX Warning: Citation 'ref2' on page 8 undefined on input line 235.


LaTeX Warning: Citation 'ref6' on page 8 undefined on input line 246.


LaTeX Warning: Citation 'ref6' on page 8 undefined on input line 249.


LaTeX Warning: Citation 'ref6' on page 8 undefined on input line 250.


Overfull \hbox (1.49515pt too wide) in paragraph at lines 250--251
[]\TU/Arial(0)/b/n/12 אפקט החשיפה בלבד (Mere Exposure Effect): \T
U/Arial(0)/m/n/12 נטייה לפתח העדפה לדברים שאנו חשו
פים
 []


LaTeX Warning: Citation 'ref6' on page 8 undefined on input line 251.


LaTeX Warning: Citation 'ref6' on page 8 undefined on input line 254.


LaTeX Warning: Citation 'ref8' on page 8 undefined on input line 258.

[8]

LaTeX Warning: Citation 'ref8' on page 9 undefined on input line 264.


Overfull \hbox (18.02998pt too wide) in paragraph at lines 268--268
[]\TU/Arial(0)/b/n/14.4 3.2.3. מודל הקשרים הפסיכו-חברתיי
ם (Psycho-Social Linkages Model) 
 []


LaTeX Warning: Citation 'ref7' on page 9 undefined on input line 270.


Overfull \hbox (2.35732pt too wide) in paragraph at lines 277--277
[]\TU/Arial(0)/b/n/14.4 3.2.4. מודל החרדות הפוסט-מודרניו
ת (Postmodern Anxieties Model) 
 []


LaTeX Warning: Citation 'ref9' on page 9 undefined on input line 279.


LaTeX Warning: Citation 'ref9' on page 9 undefined on input line 282.


LaTeX Warning: Citation 'ref6' on page 9 undefined on input line 291.


LaTeX Warning: Citation 'ref8' on page 9 undefined on input line 293.


LaTeX Warning: Citation 'ref7' on page 9 undefined on input line 295.


LaTeX Warning: Citation 'ref9' on page 9 undefined on input line 297.


Overfull \hbox (4.27933pt too wide) in paragraph at lines 285--303
[]\TU/Arial(0)/m/n/12 \begin{table}[htbp] \centering \begin{tabular}{|p{4cm}|p{6
cm}|p{4cm}|} \hline \textbf{מודל}
 []


Overfull \hbox (109.98506pt too wide) in paragraph at lines 285--303
\TU/Arial(0)/m/n/12 מודלים קוגניטיביים ופסיכו-חברת
יים ותרומתם לאמונה בתיאוריות קשר חוצניות.} \l
abel{tab:cognitive_models_summary}
 []

[9]

LaTeX Warning: Citation 'ref1' on page 10 undefined on input line 306.


LaTeX Warning: Citation 'ref2' on page 10 undefined on input line 306.


Overfull \hbox (11.66724pt too wide) in paragraph at lines 306--307
\TU/Arial(0)/m/n/12 [[], []], המודלים הקוגניטיביים והפס
יכו-חברתיים מסבירים את הרציונל שמאחורי האמ
ונה העקשנית
 []


LaTeX Warning: Citation 'ref5' on page 10 undefined on input line 311.


LaTeX Warning: Citation 'ref6' on page 10 undefined on input line 311.


LaTeX Warning: Citation 'ref6' on page 10 undefined on input line 312.


LaTeX Warning: Citation 'ref8' on page 10 undefined on input line 312.


LaTeX Warning: Citation 'ref7' on page 10 undefined on input line 313.


LaTeX Warning: Citation 'ref9' on page 10 undefined on input line 313.


LaTeX Warning: Citation 'ref4' on page 10 undefined on input line 313.


Overfull \hbox (35.07777pt too wide) in paragraph at lines 317--334
[]\TU/Arial(0)/m/n/12 \begin{figure}[htbp] \centering \begin{tikzpicture}[ node distance=2cm, block/.style={rectangle,
 []


Overfull \hbox (17.1075pt too wide) in paragraph at lines 317--334
\TU/Arial(0)/m/n/12 draw, fill=blue!10, text width=3.5cm, text centered, rounded
 corners, minimum height=1cm,
 []


Overfull \hbox (5.68367pt too wide) in paragraph at lines 317--334
\TU/Arial(0)/m/n/12 font=\small}, input/.style={rectangle, draw, fill=green!10, text width=3.5cm, text centered,
 []


Overfull \hbox (7.88522pt too wide) in paragraph at lines 317--334
\TU/Arial(0)/m/n/12 width=3.5cm, text centered, minimum height=1cm, font=\small}
, output/.style={rectangle,
 []


Overfull \hbox (6.04784pt too wide) in paragraph at lines 335--347
\TU/Arial(0)/m/n/12 (official_debunk) |- node [left, pos=0.25] {מתעלם מ} 
(cognitive_process.east); % Cognitive
 []

[10]

LaTeX Warning: Citation 'ref1' on page 11 undefined on input line 360.


LaTeX Warning: Citation 'ref1' on page 11 undefined on input line 361.


LaTeX Warning: Citation 'ref2' on page 11 undefined on input line 362.


LaTeX Warning: Citation 'ref4' on page 11 undefined on input line 369.

[11]

LaTeX Warning: Citation 'ref4' on page 12 undefined on input line 372.


LaTeX Warning: Citation 'ref4' on page 12 undefined on input line 372.


LaTeX Warning: Citation 'ref4' on page 12 undefined on input line 373.


LaTeX Warning: Citation 'ref5' on page 12 undefined on input line 381.


LaTeX Warning: Citation 'ref6' on page 12 undefined on input line 389.


LaTeX Warning: Citation 'ref6' on page 12 undefined on input line 390.


LaTeX Warning: Citation 'ref6' on page 12 undefined on input line 391.


Overfull \hbox (12.08694pt too wide) in paragraph at lines 391--392
[]\TU/Arial(0)/b/n/12 אפקט החשיפה בלבד (Mere Exposure Effect): \T
U/Arial(0)/m/n/12 חשיפה חוזרת ונשנית למסרים מניפול
טיביים,
 []


LaTeX Warning: Citation 'ref6' on page 12 undefined on input line 392.


LaTeX Warning: Citation 'ref8' on page 12 undefined on input line 393.

[12]

LaTeX Warning: Citation 'ref7' on page 13 undefined on input line 401.


LaTeX Warning: Citation 'ref9' on page 13 undefined on input line 402.


LaTeX Warning: Citation 'ref9' on page 13 undefined on input line 402.


Overfull \hbox (121.94339pt too wide) in paragraph at lines 405--411
[]\TU/Arial(0)/m/n/12 \begin{figure}[htbp] \centering \includegraphics[width=0.9
\textwidth]{placeholder_data_graph_correlation.png}
 []


Overfull \hbox (30.7878pt too wide) in paragraph at lines 405--411
\TU/Arial(0)/m/n/12 קשר חוצניות (ציר Y), עם דגימות המב
טאות את טווח התוצאות.} \label{fig:paranoia_correlation_graph}
 []


LaTeX Warning: Citation 'ref1' on page 13 undefined on input line 420.


LaTeX Warning: Citation 'ref2' on page 13 undefined on input line 420.


LaTeX Warning: Citation 'ref4' on page 13 undefined on input line 422.


LaTeX Warning: Citation 'ref5' on page 13 undefined on input line 424.


LaTeX Warning: Citation 'ref6' on page 13 undefined on input line 426.


LaTeX Warning: Citation 'ref7' on page 13 undefined on input line 428.


LaTeX Warning: Citation 'ref8' on page 13 undefined on input line 428.


LaTeX Warning: Citation 'ref9' on page 13 undefined on input line 428.


Overfull \hbox (20.16995pt too wide) in paragraph at lines 414--434
[]\TU/Arial(0)/m/n/12 \begin{table}[htbp] \centering \begin{tabular}{|p{3cm}|p{8
cm}|p{3cm}|} \hline \textbf{קטגוריה}
 []


LaTeX Warning: Citation 'ref1' on page 13 undefined on input line 438.


LaTeX Warning: Citation 'ref2' on page 13 undefined on input line 438.

[13]

LaTeX Warning: Citation 'ref1' on page 14 undefined on input line 442.


LaTeX Warning: Citation 'ref2' on page 14 undefined on input line 442.


LaTeX Warning: Citation 'ref4' on page 14 undefined on input line 446.


LaTeX Warning: Citation 'ref4' on page 14 undefined on input line 446.


LaTeX Warning: Citation 'ref4' on page 14 undefined on input line 446.


LaTeX Warning: Citation 'ref5' on page 14 undefined on input line 448.


LaTeX Warning: Citation 'ref6' on page 14 undefined on input line 450.


LaTeX Warning: Citation 'ref6' on page 14 undefined on input line 450.


LaTeX Warning: Citation 'ref8' on page 14 undefined on input line 452.


LaTeX Warning: Citation 'ref7' on page 14 undefined on input line 454.


LaTeX Warning: Citation 'ref9' on page 14 undefined on input line 456.


LaTeX Warning: Citation 'ref9' on page 14 undefined on input line 456.

[14]

LaTeX Warning: Citation 'ref6' on page 15 undefined on input line 467.


LaTeX Warning: Citation 'ref4' on page 15 undefined on input line 468.


LaTeX Warning: Citation 'ref6' on page 15 undefined on input line 469.


LaTeX Warning: Citation 'ref7' on page 15 undefined on input line 469.


Overfull \hbox (15.7796pt too wide) in paragraph at lines 469--470
\TU/Arial(0)/m/n/12 ופרנויה [[], []]. כיצד ניתן למדל את 
תהליכי ההד (echo chambers) והקיטוב (polarization)
 []


LaTeX Warning: Citation 'ref9' on page 15 undefined on input line 470.


LaTeX Warning: Citation 'ref7' on page 15 undefined on input line 477.


LaTeX Warning: Citation 'ref4' on page 15 undefined on input line 478.


LaTeX Warning: Citation 'ref5' on page 15 undefined on input line 478.


LaTeX Warning: Citation 'ref6' on page 15 undefined on input line 478.


LaTeX Warning: Citation 'ref8' on page 15 undefined on input line 478.


LaTeX Warning: Citation 'ref9' on page 15 undefined on input line 478.


Overfull \hbox (2.27113pt too wide) in paragraph at lines 478--479
\TU/Arial(0)/m/n/12 bunking) מפני טקטיקות רטוריות קונספ
ירטיביות, והתייחסות לצרכים הפסיכולוגיים ש
התיאוריות
 []

[15]

LaTeX Warning: Citation 'ref1' on page 16 undefined on input line 487.


LaTeX Warning: Citation 'ref2' on page 16 undefined on input line 487.


LaTeX Warning: Citation 'ref4' on page 16 undefined on input line 489.


LaTeX Warning: Citation 'ref5' on page 16 undefined on input line 491.


LaTeX Warning: Citation 'ref6' on page 16 undefined on input line 491.


LaTeX Warning: Citation 'ref8' on page 16 undefined on input line 491.


Overfull \hbox (9.31215pt too wide) in paragraph at lines 491--492
[]\TU/Arial(0)/m/n/12 המחקר הדגיש את תפקידן של ”טקטי
קות רטוריות” בחיזוק אמונות אלו, ובהן שימוש 
ב”תמונות מטושטשות
 []


Overfull \hbox (0.45148pt too wide) in paragraph at lines 491--492
\TU/Arial(0)/m/n/12 ועדויות עדים” המעניקות אמינות 
לכאורה לנרטיבים [[]]. כמו כן, נבחנו ”טעויות ק
וגניטיביות” בסיסיות,
 []


LaTeX Warning: Citation 'ref7' on page 16 undefined on input line 493.


LaTeX Warning: Citation 'ref9' on page 16 undefined on input line 493.


Overfull \hbox (1.67256pt too wide) in paragraph at lines 497--498
\TU/Arial(0)/m/n/12 פתוח ושקוף שיכול למתן את הצורך ב
חיפוש אחר הסברים קונספירטיביים. הדיון אודו
ת חוצנים ותיאוריות
 []

[16]
(C:/Users/itaym/Documents/hw3-autonomous-academic-paper-generation-ai/-Autonomo
us-Academic-Paper-Generation-Pipeline/data/processed/build/output.aux)
 ***********
LaTeX2e <2025-11-01>
L3 programming layer <2025-12-24>
 ***********


LaTeX Warning: There were undefined references.

Package rerunfilecheck Info: File `output.out' has not changed.
(rerunfilecheck)             Checksum: D3A063699B43D4DCB4BF35C1877F5781;7895.

Package biblatex Warning: Please (re)run Biber on the file:
(biblatex)                output
(biblatex)                and rerun LaTeX afterwards.

Package logreq Info: Writing requests to 'output.run.xml'.

\openout1 = output.run.xml
)

Here is how much of LuaTeX's memory you used:
 21151 strings out of 476081
 125165,1373583 words of node,token memory allocated
 3814 words of node memory still in use:
   6 hlist, 2 vlist, 2 rule, 2 glue, 4 kern, 1 glyph, 1226 attribute, 68 glue_sp
ec, 411 attribute_list, 1 write nodes
   avail lists: 1:4,2:14494,3:421,4:104,5:353,6:63,7:7316,8:16,9:303,10:7,11:21
 43202 multiletter control sequences out of 65536+600000
 51 fonts using 24898671 bytes
 73i,12n,98p,2842b,1214s stack positions out of 10000i,1000n,20000p,200000b,200000s
<C:/WINDOWS/Fonts/arial.ttf><C:/WINDOWS/Fonts/arialbd.ttf><C:/Users/itaym/AppDat
a/Local/Programs/MiKTeX/fonts/type1/public/amsfonts/cm/cmmi12.pfb><C:/Users/itay
m/AppData/Local/Programs/MiKTeX/fonts/type1/public/amsfonts/cm/cmmi8.pfb><C:/Use
rs/itaym/AppData/Local/Programs/MiKTeX/fonts/type1/public/amsfonts/cm/cmr12.pfb>
<C:/Users/itaym/AppData/Local/Programs/MiKTeX/fonts/type1/public/amsfonts/cm/cms
y10.pfb><C:/Users/itaym/AppData/Local/Programs/MiKTeX/fonts/type1/public/amsfont
s/cm/cmsy8.pfb>
Output written on output.pdf (17 pages, 241992 bytes).

PDF statistics: 231 PDF objects out of 1000 (max. 8388607)
 43 named destinations out of 1000 (max. 1048576)
 177 words of extra memory for PDF output out of 10000 (max. 100000000)

